1a8588cf-fe90-4da9-b906-26378b38e47b POST :: /api/account/business/ >> 1644265785766
c8238cdd-f7dd-405f-b022-7ef615e69f37 POST :: /api/account/business >> 1644265801526
e689c21d-0a30-42e0-b66e-27477aa35450 POST :: /api/account/business >> 1644265909033
f6bd63f8-15af-4d2b-a458-db54812281cc POST :: /api/account/business >> 1644265967082
e46b93e7-89fa-47bf-9df6-7fa1177d528a POST :: /api/account/business >> 1644266063185
46a64fb2-acde-4df5-8e61-f0169d0b991f POST :: /api/account/business >> 1644266252276
3f3f3852-3fa8-4f4d-be8e-06dae1391847 POST :: /api/account/business >> 1644266382024
3aada1e1-6f59-4a5b-b43b-6e1862fed3cb POST :: /api/account/business >> 1644266606240
1d1c2c8c-46e9-4b5e-ad04-383939473800 POST :: /api/account/business >> 1644266920337
a668a3ad-a032-4b08-818f-71c1511aabb8 POST :: /api/account/business >> 1644304448220
4e527c34-495d-42dc-a56e-6b00c000bc01 POST :: /api/account/business >> 1644304498935
79161e7d-b45a-4f80-b855-f7e08dd83bc3 POST :: /api/account/business >> 1644304732447
bf72c89b-e679-4c3e-8d9b-93f8e80174c5 POST :: /api/account/business/ >> 1644304736213
c47683fe-698f-4194-b84e-c409751b585b POST :: /api/account/business/ >> 1644304742174
6e9b7367-a5c6-4429-bde0-097fd33341a7 POST :: /api/account/business/ >> 1644305259781
f53a38b6-30e8-4493-b828-fd80b5e5094b POST :: /api/account/business/ >> 1644305359538
075a3869-8fd8-4756-b7f7-14d2dc751e8d POST :: /api/account/business/ >> 1644305369145
458f0683-f70e-4817-869d-db1240f91c28 POST :: /api/account/business/ >> 1644309624561
259ec611-6107-4dfa-b937-974ecf259341 POST :: /api/account/business/ >> 1644324283121
facd5aa9-6a08-468f-9fe2-1763d0d067fa POST :: /api/account/business/ >> 1644324461573
d2e26310-dd38-4dc1-aac5-1d11f6b9f49d POST :: /api/account/business/ >> 1644324553592
50ad982a-3d53-4e33-b103-d54c4f52d43f POST :: /api/account/business/ >> 1644324597765
070c8f8c-4cd8-4cbb-b1b7-530af991ce8b POST :: /api/account/business/ >> 1644324632418
14bc7151-5417-4469-b706-54a70bd199db POST :: /api/account/business/ >> 1644324700670
d60047c2-7886-445c-951a-3c5eafce5a22 POST :: /api/account/business/ >> 1644324731349
bce8abe4-ae1c-4f30-b9c8-b0f31c24ae72 POST :: /api/account/business/ >> 1644324748935
7aeed17d-52df-4642-abba-f5a16271897f POST :: /api/account/business/ >> 1644324845464
fab903b6-6c23-49ef-9b48-92ce8371513a POST :: /api/account/business/ >> 1644324879895
c24309b9-d31a-403f-9469-1e5b9a7088f9 POST :: /api/account/business/ >> 1644325170819
c990bd58-7e8f-4268-8d53-d1324a1f6809 POST :: /api/account/business/ >> 1644325601129
21c0c61b-ce76-4290-a902-79039dd4a8f0 POST :: /api/account/business/ >> 1644326471555
10f17562-b363-4957-b42f-293481be1236 POST :: /api/account/business/ >> 1644326496343
6e7f811a-d554-4947-b6fd-78966f1478c1 POST :: /api/account/business/ >> 1644326531596
f36dab5e-6539-49e0-b94e-4e8739d8f8b6 POST :: /api/account/business/ >> 1644326719100
bfe06c93-db6a-4b5f-a4cf-dfee628b24ae POST :: /api/account/business/ >> 1644326742003
9c10ac69-3388-4854-b399-c6129412acef POST :: /api/account/business/ >> 1644327160627
a3bfd21f-5c86-4556-b96a-769208ed1ac0 POST :: /api/account/business/ >> 1644327217008
00adaf7c-9460-49d7-adba-4d5408111d44 POST :: /api/account/business/ >> 1644327255154
86f922b7-91ee-4fc9-9b06-5bcd8bc906f1 POST :: /api/account/business/ >> 1644327445867
341d0830-6a5d-489a-8ad3-6683ef46c030 POST :: /api/account/business/ >> 1644327475913
a57edd2e-212d-424e-96b2-518097f0d6d9 POST :: /api/account/business/ >> 1644327571623
de150056-e827-4981-a513-16492d8a6ca3 POST :: /api/account/business/ >> 1644327645994
23c4afd3-62cd-407a-8e19-48be7bd731a3 POST :: /api/account/business/ >> 1644327697386
4e013c75-5c04-48a6-9fd1-9c3c4d4b7493 POST :: /api/account/business/ >> 1644510982800
3dda6fa6-80e1-402a-98b7-0e24d90a486e POST :: /api/account/business/ >> 1644511194197
a29ecf1a-d06c-4759-bc86-3ffb91fe6f13 POST :: /api/account/business/ >> 1644511379521
c8e96bb6-98ab-4913-8b33-1a416f8b13f1 POST :: /api/account/business/ >> 1644512131584
0ab1e4f2-ff27-44eb-827a-08ff7586cad2 POST :: /api/account/business/ >> 1644520291367
165a2abf-4225-4f3e-b806-e01eaa3d297e POST :: /api/account/business/ >> 1644520450575
7e05ae1a-3a91-4429-bea6-8019d5bb1c61 POST :: /api/account/business/ >> 1644523329975
c55bc76b-358e-4aca-9956-ef6d8b15a529 GET :: /api/account/bussines/1234 >> 1644523343151
4fcea2c3-3b6a-4f2d-aa46-a7c9d57da7e5 GET :: /api/account/bussiness/1234 >> 1644523367514
5fabdd49-b0bb-4072-9736-a6702dd0fa09 GET :: /api/account/business/1234 >> 1644523651843
81640554-77a2-4f6a-83c0-6629e5352acc GET :: /api/account/business/1234 >> 1644524052747
410e8a18-1933-4dd4-a233-25b3ffb03d5d GET :: /api/account/business/1 >> 1644524095688
9a7fd350-9b2c-4d39-9f4c-5f4496342531 POST :: /api/account/business/ >> 1644524254943
817811d5-0877-468f-9047-c2e1812de12c POST :: /api/account/individual/ >> 1644524560188
9270bb4e-88d8-4521-8855-518872a82a43 POST :: /api/account/individual/ >> 1644524583301
0ab4a5da-a7b4-4a74-9040-fd78f651ff02 GET :: /api/account/individual/2 >> 1644524623694
85d1b49a-2a09-4395-86c1-d270fcd59e5c GET :: /api/account/individual/3 >> 1644524634722
a3d0474c-8b9b-4af5-ad31-1cc4509426cc GET :: /api/account/individual/2 >> 1644526510875
6dfaacd6-d5f3-4376-b6ce-1f2729976f7c POST :: /api/account/business >> 1644653815109
20dadedc-1156-456a-b690-acde04887412 POST :: /api/account/business >> 1644653825705
a2a3fb9f-eac6-4bd5-82da-e4974585566b POST :: /api/account/business >> 1644653833896
2a7b0ba4-9b90-4950-8645-dea94fa467b8 POST :: /api/account/business >> 1644653842645
61413be9-d36c-4f13-8daf-c1b2f82657be POST :: /api/account/business >> 1644653844848
3d4d8548-ca31-454c-809b-e83f802616fb POST :: /api/account/business >> 1644653868819
6090ea89-3dd4-45bf-b32f-02187f143696 POST :: /api/account/business >> 1644653876827
d709f164-14a9-4e37-a2cf-2a9d71d81d26 POST :: /api/account/business >> 1644653925584
70c7560a-c94a-41d9-90df-501d0d0b2f8f POST :: /api/account/business >> 1644653933192
b48fed13-693e-4aba-9f59-bb5fe8b0573c POST :: /api/account/business >> 1644653934706
f729ad82-743d-4ae7-96a9-776de4f19d94 POST :: /api/account/business >> 1644653971746
23fd4a29-f0ad-4296-8c98-9471eb141b21 POST :: /api/account/business >> 1644654182498
680941dc-7022-4140-acdc-372fbd509a6b POST :: /api/account/business >> 1644654654317
c74e67fa-2e15-4c94-8f8e-49212ce333e5 POST :: /api/account/business >> 1644654671886
3ea46897-820a-4f05-9fcc-4e02235f3b0d POST :: /api/account/business >> 1644654696513
ab3ed9ff-3719-409a-8629-96891bdf1416 POST :: /api/account/business >> 1644654914896
f4e4ac11-b8ef-423f-8231-8707d681fbf3 GET :: /api/account/business/2 >> 1644655951496
a6ea6c96-263d-44e6-a4df-8a7376b2f08d GET :: /api/account/business/2 >> 1644656045238
8cff046d-7796-404c-9223-e814c873eca3 POST :: /api/account/individual >> 1644656385920
5aefff61-ea41-49af-aeff-24e242f11c25 POST :: /api/account/individual >> 1644656403022
2f85b44e-c131-42f6-a26e-9ead3fb5d76a POST :: /api/account/individual >> 1644656425466
42f35e35-1271-4746-9aa0-64789fd9a072 POST :: /api/account/individual >> 1644656426317
c477add6-4f9f-45ab-b3be-e2dcdf8a1393 POST :: /api/account/individual >> 1644656453219
ca828c7e-c03d-4da1-9b33-772c95852e16 POST :: /api/account/individual >> 1644656471563
1f26f176-b30b-404c-9180-ba28ca23cb1a POST :: /api/account/individual >> 1644656495920
4296803a-718b-45fc-b8da-77642beef12c POST :: /api/account/individual >> 1644656564282
5f16bbd7-9c97-44cf-8457-620836c16ea9 POST :: /api/account/individual >> 1644656572263
509f527b-9cae-4539-be4b-b74fdb3f4577 POST :: /api/account/individual >> 1644656594380
80a0a407-00a5-4c75-ba11-0f67947c9141 POST :: /api/account/individual >> 1644656618525
4e64e366-d9bc-4cf4-9051-e10ade095c4f POST :: /api/account/family >> 1644657194798
9a67aaa4-8ba8-4bc7-9e0d-7c3afd6a0f36 POST :: /api/account/family >> 1644657289562
4345f010-79a5-4b66-8295-36443e192aa2 POST :: /api/account/family >> 1644657292457
3095e6f1-a033-4b2c-972b-34b166d5572a POST :: /api/account/family >> 1644657345419
a81ee8e4-98f8-44b0-9efa-160f0dabcc70 POST :: /api/account/family >> 1644657348601
86a72cd6-da8f-4af0-a7df-f5151914d93c POST :: /api/account/family >> 1644657349275
05886dfd-c660-413c-94d2-eeba3841bce4 POST :: /api/account/family >> 1644657349939
b68acfc8-4cf7-4a94-9e11-3a176982fce7 POST :: /api/account/family >> 1644657361007
ad2f8baf-c11b-464a-ab14-b5ddca2ba739 POST :: /api/account/family >> 1644657365141
2796593d-a5e2-4452-b605-94e03cecd7f4 POST :: /api/account/family >> 1644657538250
ae8ec0f5-4b82-44ef-8cb1-3268d19598ad POST :: /api/account/family >> 1644657709064
fa14d9af-fb02-4791-b7a1-50f1f0ff123f POST :: /api/account/family >> 1644657715890
99789f72-0f94-4ced-9ca1-7a24301ca7a2 POST :: /api/account/family >> 1644657723443
db47f00c-8945-4a67-b47f-9348d05bc873 POST :: /api/account/family >> 1644657770006
2fd872a9-84af-41e1-bec9-b3c79019f475 GET :: /api/account/family/close/12 >> 1644658009494
963fb5d5-2cec-44fc-b5b5-fc456d1041dd GET :: /api/account/family/close/1h2 >> 1644658015690
22b33f17-7327-4bfa-b46a-1fd8819dd8db GET :: /api/account/family/close/1h2 >> 1644658254000
3ecc9f39-a34c-4f95-ae30-12dedaa34a1c GET :: /api/account/family/close/12 >> 1644658272913
333622a8-c953-49ca-8f99-be9ef883b5d2 GET :: /api/account/family/close/12 >> 1644658296935
60413a06-227d-4b3a-9bb7-d16050e7282b PATCH :: /api/account/family/close/12 >> 1644658308395
e3eb2047-d8e1-44dc-b967-4227f6b4d80c PATCH :: /api/account/family/close/12 >> 1644658316538
edd57683-976e-481d-bde6-eb39b295272b PATCH :: /api/account/family/close/12 >> 1644658348275
b07b3bc4-c344-4079-928b-9d9e5b3dac85 PATCH :: /api/account/family/close/1h2 >> 1644658352432
